START: Wed Jun 15 16:19:58 CEST 2022
ERR6913283
 >> Checking for Valid Options...
 >> Running Bracken 
      >> python src/est_abundance.py -i ./data/kraken2_reports/ERR6913283.report -o ./data/bracken_output/ERR6913283_res.tsv -k /shared/projects/form_2022_19/kraken2/arch_bact_vir_hum_protoz_fung/database50mers.kmer_distrib -l S -t 5
PROGRAM START TIME: 06-15-2022 14:26:59
BRACKEN SUMMARY (Kraken report: ./data/kraken2_reports/ERR6913283.report)
    >>> Threshold: 5 
    >>> Number of species in sample: 2412 
	  >> Number of species with reads > threshold: 382 
	  >> Number of species with reads < threshold: 2030 
    >>> Total reads in sample: 166872
	  >> Total reads kept at species level (reads > threshold): 81419
	  >> Total reads discarded (species reads < threshold): 3309
	  >> Reads distributed: 93244
	  >> Reads not distributed (eg. no species above threshold): 4069
	  >> Unclassified reads: 69559
BRACKEN OUTPUT PRODUCED: ./data/bracken_output/ERR6913283_res.tsv
PROGRAM END TIME: 06-15-2022 14:26:59
  Bracken complete.
END: Wed Jun 15 16:27:00 CEST 2022
