START: Wed Jun 15 16:22:53 CEST 2022
ERR6913332
 >> Checking for Valid Options...
 >> Running Bracken 
      >> python src/est_abundance.py -i ./data/kraken2_reports/ERR6913332.report -o ./data/bracken_output/ERR6913332_res.tsv -k /shared/projects/form_2022_19/kraken2/arch_bact_vir_hum_protoz_fung/database50mers.kmer_distrib -l S -t 5
PROGRAM START TIME: 06-15-2022 14:26:02
BRACKEN SUMMARY (Kraken report: ./data/kraken2_reports/ERR6913332.report)
    >>> Threshold: 5 
    >>> Number of species in sample: 3685 
	  >> Number of species with reads > threshold: 956 
	  >> Number of species with reads < threshold: 2729 
    >>> Total reads in sample: 1244676
	  >> Total reads kept at species level (reads > threshold): 557773
	  >> Total reads discarded (species reads < threshold): 4998
	  >> Reads distributed: 1089567
	  >> Reads not distributed (eg. no species above threshold): 5605
	  >> Unclassified reads: 149504
BRACKEN OUTPUT PRODUCED: ./data/bracken_output/ERR6913332_res.tsv
PROGRAM END TIME: 06-15-2022 14:26:03
  Bracken complete.
END: Wed Jun 15 16:26:03 CEST 2022
