START: Wed Jun 15 16:20:09 CEST 2022
ERR6913284
 >> Checking for Valid Options...
 >> Running Bracken 
      >> python src/est_abundance.py -i ./data/kraken2_reports/ERR6913284.report -o ./data/bracken_output/ERR6913284_res.tsv -k /shared/projects/form_2022_19/kraken2/arch_bact_vir_hum_protoz_fung/database50mers.kmer_distrib -l S -t 5
PROGRAM START TIME: 06-15-2022 14:23:10
BRACKEN SUMMARY (Kraken report: ./data/kraken2_reports/ERR6913284.report)
    >>> Threshold: 5 
    >>> Number of species in sample: 4455 
	  >> Number of species with reads > threshold: 1525 
	  >> Number of species with reads < threshold: 2930 
    >>> Total reads in sample: 1196413
	  >> Total reads kept at species level (reads > threshold): 633560
	  >> Total reads discarded (species reads < threshold): 6015
	  >> Reads distributed: 857550
	  >> Reads not distributed (eg. no species above threshold): 6885
	  >> Unclassified reads: 331978
BRACKEN OUTPUT PRODUCED: ./data/bracken_output/ERR6913284_res.tsv
PROGRAM END TIME: 06-15-2022 14:23:11
  Bracken complete.
END: Wed Jun 15 16:23:11 CEST 2022
