START: Wed Jun 15 15:52:49 CEST 2022
ERR6913191
 >> Checking for Valid Options...
 >> Running Bracken 
      >> python src/est_abundance.py -i ./data/kraken2_reports/ERR6913191.report -o ./data/bracken_output/ERR6913191_res.tsv -k /shared/projects/form_2022_19/kraken2/arch_bact_vir_hum_protoz_fung/database50mers.kmer_distrib -l S -t 10
PROGRAM START TIME: 06-15-2022 13:56:23
BRACKEN SUMMARY (Kraken report: ./data/kraken2_reports/ERR6913191.report)
    >>> Threshold: 10 
    >>> Number of species in sample: 1744 
	  >> Number of species with reads > threshold: 185 
	  >> Number of species with reads < threshold: 1559 
    >>> Total reads in sample: 141658
	  >> Total reads kept at species level (reads > threshold): 76705
	  >> Total reads discarded (species reads < threshold): 2841
	  >> Reads distributed: 83396
	  >> Reads not distributed (eg. no species above threshold): 3251
	  >> Unclassified reads: 55011
BRACKEN OUTPUT PRODUCED: ./data/bracken_output/ERR6913191_res.tsv
PROGRAM END TIME: 06-15-2022 13:56:23
  Bracken complete.
END: Wed Jun 15 15:56:23 CEST 2022
