START: Wed Jun 15 16:22:23 CEST 2022
ERR6913303
 >> Checking for Valid Options...
 >> Running Bracken 
      >> python src/est_abundance.py -i ./data/kraken2_reports/ERR6913303.report -o ./data/bracken_output/ERR6913303_res.tsv -k /shared/projects/form_2022_19/kraken2/arch_bact_vir_hum_protoz_fung/database50mers.kmer_distrib -l S -t 5
PROGRAM START TIME: 06-15-2022 14:26:05
BRACKEN SUMMARY (Kraken report: ./data/kraken2_reports/ERR6913303.report)
    >>> Threshold: 5 
    >>> Number of species in sample: 3442 
	  >> Number of species with reads > threshold: 663 
	  >> Number of species with reads < threshold: 2779 
    >>> Total reads in sample: 1069874
	  >> Total reads kept at species level (reads > threshold): 692129
	  >> Total reads discarded (species reads < threshold): 4807
	  >> Reads distributed: 930387
	  >> Reads not distributed (eg. no species above threshold): 5306
	  >> Unclassified reads: 134181
BRACKEN OUTPUT PRODUCED: ./data/bracken_output/ERR6913303_res.tsv
PROGRAM END TIME: 06-15-2022 14:26:05
  Bracken complete.
END: Wed Jun 15 16:26:05 CEST 2022
