START: Wed Jun 15 16:22:52 CEST 2022
ERR6913215
 >> Checking for Valid Options...
 >> Running Bracken 
      >> python src/est_abundance.py -i ./data/kraken2_reports/ERR6913215.report -o ./data/bracken_output/ERR6913215_res.tsv -k /shared/projects/form_2022_19/kraken2/arch_bact_vir_hum_protoz_fung/database50mers.kmer_distrib -l S -t 5
PROGRAM START TIME: 06-15-2022 14:25:31
BRACKEN SUMMARY (Kraken report: ./data/kraken2_reports/ERR6913215.report)
    >>> Threshold: 5 
    >>> Number of species in sample: 1683 
	  >> Number of species with reads > threshold: 193 
	  >> Number of species with reads < threshold: 1490 
    >>> Total reads in sample: 42472
	  >> Total reads kept at species level (reads > threshold): 8182
	  >> Total reads discarded (species reads < threshold): 2373
	  >> Reads distributed: 11889
	  >> Reads not distributed (eg. no species above threshold): 3083
	  >> Unclassified reads: 27500
BRACKEN OUTPUT PRODUCED: ./data/bracken_output/ERR6913215_res.tsv
PROGRAM END TIME: 06-15-2022 14:25:31
  Bracken complete.
END: Wed Jun 15 16:25:31 CEST 2022
