START: Wed Jun 15 16:22:44 CEST 2022
ERR6913120
 >> Checking for Valid Options...
 >> Running Bracken 
      >> python src/est_abundance.py -i ./data/kraken2_reports/ERR6913120.report -o ./data/bracken_output/ERR6913120_res.tsv -k /shared/projects/form_2022_19/kraken2/arch_bact_vir_hum_protoz_fung/database50mers.kmer_distrib -l S -t 5
PROGRAM START TIME: 06-15-2022 14:28:01
BRACKEN SUMMARY (Kraken report: ./data/kraken2_reports/ERR6913120.report)
    >>> Threshold: 5 
    >>> Number of species in sample: 1772 
	  >> Number of species with reads > threshold: 113 
	  >> Number of species with reads < threshold: 1659 
    >>> Total reads in sample: 82784
	  >> Total reads kept at species level (reads > threshold): 3483
	  >> Total reads discarded (species reads < threshold): 2401
	  >> Reads distributed: 4546
	  >> Reads not distributed (eg. no species above threshold): 2797
	  >> Unclassified reads: 75441
BRACKEN OUTPUT PRODUCED: ./data/bracken_output/ERR6913120_res.tsv
PROGRAM END TIME: 06-15-2022 14:28:01
  Bracken complete.
END: Wed Jun 15 16:28:01 CEST 2022
