START: Wed Jun 15 16:22:27 CEST 2022
ERR6913119
 >> Checking for Valid Options...
 >> Running Bracken 
      >> python src/est_abundance.py -i ./data/kraken2_reports/ERR6913119.report -o ./data/bracken_output/ERR6913119_res.tsv -k /shared/projects/form_2022_19/kraken2/arch_bact_vir_hum_protoz_fung/database50mers.kmer_distrib -l S -t 5
PROGRAM START TIME: 06-15-2022 14:25:42
BRACKEN SUMMARY (Kraken report: ./data/kraken2_reports/ERR6913119.report)
    >>> Threshold: 5 
    >>> Number of species in sample: 3994 
	  >> Number of species with reads > threshold: 687 
	  >> Number of species with reads < threshold: 3307 
    >>> Total reads in sample: 364615
	  >> Total reads kept at species level (reads > threshold): 11502
	  >> Total reads discarded (species reads < threshold): 6342
	  >> Reads distributed: 15616
	  >> Reads not distributed (eg. no species above threshold): 6798
	  >> Unclassified reads: 342201
BRACKEN OUTPUT PRODUCED: ./data/bracken_output/ERR6913119_res.tsv
PROGRAM END TIME: 06-15-2022 14:25:42
  Bracken complete.
END: Wed Jun 15 16:25:42 CEST 2022
