START: Wed Jun 15 16:21:35 CEST 2022
ERR6913188
 >> Checking for Valid Options...
 >> Running Bracken 
      >> python src/est_abundance.py -i ./data/kraken2_reports/ERR6913188.report -o ./data/bracken_output/ERR6913188_res.tsv -k /shared/projects/form_2022_19/kraken2/arch_bact_vir_hum_protoz_fung/database50mers.kmer_distrib -l S -t 5
PROGRAM START TIME: 06-15-2022 14:25:01
BRACKEN SUMMARY (Kraken report: ./data/kraken2_reports/ERR6913188.report)
    >>> Threshold: 5 
    >>> Number of species in sample: 4297 
	  >> Number of species with reads > threshold: 1496 
	  >> Number of species with reads < threshold: 2801 
    >>> Total reads in sample: 1098476
	  >> Total reads kept at species level (reads > threshold): 666733
	  >> Total reads discarded (species reads < threshold): 5837
	  >> Reads distributed: 724000
	  >> Reads not distributed (eg. no species above threshold): 6474
	  >> Unclassified reads: 368002
BRACKEN OUTPUT PRODUCED: ./data/bracken_output/ERR6913188_res.tsv
PROGRAM END TIME: 06-15-2022 14:25:01
  Bracken complete.
END: Wed Jun 15 16:25:01 CEST 2022
