START: Wed Jun 15 16:22:45 CEST 2022
ERR6913216
 >> Checking for Valid Options...
 >> Running Bracken 
      >> python src/est_abundance.py -i ./data/kraken2_reports/ERR6913216.report -o ./data/bracken_output/ERR6913216_res.tsv -k /shared/projects/form_2022_19/kraken2/arch_bact_vir_hum_protoz_fung/database50mers.kmer_distrib -l S -t 5
PROGRAM START TIME: 06-15-2022 14:25:06
BRACKEN SUMMARY (Kraken report: ./data/kraken2_reports/ERR6913216.report)
    >>> Threshold: 5 
    >>> Number of species in sample: 632 
	  >> Number of species with reads > threshold: 40 
	  >> Number of species with reads < threshold: 592 
    >>> Total reads in sample: 19776
	  >> Total reads kept at species level (reads > threshold): 9008
	  >> Total reads discarded (species reads < threshold): 804
	  >> Reads distributed: 10021
	  >> Reads not distributed (eg. no species above threshold): 1209
	  >> Unclassified reads: 8546
BRACKEN OUTPUT PRODUCED: ./data/bracken_output/ERR6913216_res.tsv
PROGRAM END TIME: 06-15-2022 14:25:06
  Bracken complete.
END: Wed Jun 15 16:25:06 CEST 2022
