START: Wed Jun 15 16:22:18 CEST 2022
ERR6913286
 >> Checking for Valid Options...
 >> Running Bracken 
      >> python src/est_abundance.py -i ./data/kraken2_reports/ERR6913286.report -o ./data/bracken_output/ERR6913286_res.tsv -k /shared/projects/form_2022_19/kraken2/arch_bact_vir_hum_protoz_fung/database50mers.kmer_distrib -l S -t 5
PROGRAM START TIME: 06-15-2022 14:25:15
BRACKEN SUMMARY (Kraken report: ./data/kraken2_reports/ERR6913286.report)
    >>> Threshold: 5 
    >>> Number of species in sample: 3307 
	  >> Number of species with reads > threshold: 871 
	  >> Number of species with reads < threshold: 2436 
    >>> Total reads in sample: 1539058
	  >> Total reads kept at species level (reads > threshold): 660079
	  >> Total reads discarded (species reads < threshold): 4369
	  >> Reads distributed: 1428002
	  >> Reads not distributed (eg. no species above threshold): 8112
	  >> Unclassified reads: 102944
BRACKEN OUTPUT PRODUCED: ./data/bracken_output/ERR6913286_res.tsv
PROGRAM END TIME: 06-15-2022 14:25:15
  Bracken complete.
END: Wed Jun 15 16:25:15 CEST 2022
