START: Wed Jun 15 15:52:54 CEST 2022
ERR6913187
 >> Checking for Valid Options...
 >> Running Bracken 
      >> python src/est_abundance.py -i ./data/kraken2_reports/ERR6913187.report -o ./data/bracken_output/ERR6913187_res.tsv -k /shared/projects/form_2022_19/kraken2/arch_bact_vir_hum_protoz_fung/database50mers.kmer_distrib -l S -t 10
PROGRAM START TIME: 06-15-2022 13:55:44
BRACKEN SUMMARY (Kraken report: ./data/kraken2_reports/ERR6913187.report)
    >>> Threshold: 10 
    >>> Number of species in sample: 1480 
	  >> Number of species with reads > threshold: 178 
	  >> Number of species with reads < threshold: 1302 
    >>> Total reads in sample: 126224
	  >> Total reads kept at species level (reads > threshold): 75053
	  >> Total reads discarded (species reads < threshold): 2474
	  >> Reads distributed: 83905
	  >> Reads not distributed (eg. no species above threshold): 2819
	  >> Unclassified reads: 39500
BRACKEN OUTPUT PRODUCED: ./data/bracken_output/ERR6913187_res.tsv
PROGRAM END TIME: 06-15-2022 13:55:44
  Bracken complete.
END: Wed Jun 15 15:55:44 CEST 2022
