START: Wed Jun 15 16:19:55 CEST 2022
ERR6913191
 >> Checking for Valid Options...
 >> Running Bracken 
      >> python src/est_abundance.py -i ./data/kraken2_reports/ERR6913191.report -o ./data/bracken_output/ERR6913191_res.tsv -k /shared/projects/form_2022_19/kraken2/arch_bact_vir_hum_protoz_fung/database50mers.kmer_distrib -l S -t 5
PROGRAM START TIME: 06-15-2022 14:22:44
BRACKEN SUMMARY (Kraken report: ./data/kraken2_reports/ERR6913191.report)
    >>> Threshold: 5 
    >>> Number of species in sample: 1744 
	  >> Number of species with reads > threshold: 279 
	  >> Number of species with reads < threshold: 1465 
    >>> Total reads in sample: 141658
	  >> Total reads kept at species level (reads > threshold): 77284
	  >> Total reads discarded (species reads < threshold): 2262
	  >> Reads distributed: 84073
	  >> Reads not distributed (eg. no species above threshold): 2574
	  >> Unclassified reads: 55011
BRACKEN OUTPUT PRODUCED: ./data/bracken_output/ERR6913191_res.tsv
PROGRAM END TIME: 06-15-2022 14:22:45
  Bracken complete.
END: Wed Jun 15 16:22:45 CEST 2022
